
Started POST /usuarios for :: ::1 at Wed Mar 27 2024 09:53:25 GMT-0300 (hora de verano de Chile)
  Parameters in body: {"email":"docente@desafiolatam.com","password":"123456","rol":"Full Stack Developer","lenguage":"Ruby"}
Completed: 404 message:  Time response: 18 ms Request ID: [a4389e70-3b06-4c9b-8dd3-70a289a738a7]

Started POST /api/v1/usuarios for :: ::ffff:127.0.0.1 at Wed Mar 27 2024 10:09:43 GMT-0300 (hora de verano de Chile)
  Parameters in body: {"user":{"email":"prueba@gmail.com","password":"12345","rol":"Full Stack Developer","lenguaje":"Ruby"}}
Completed: 400 message:  Time response: 11 ms Request ID: [189572b8-6eb3-44e4-9a24-e3184b130d6b]

Started POST /api/v1/usuarios for :: ::ffff:127.0.0.1 at Wed Mar 27 2024 10:11:17 GMT-0300 (hora de verano de Chile)
  Parameters in body: {"user":{"email":"prueba@gmail.com","password":"12345","rol":"Full Stack Developer","lenguage":"Ruby"}}
Completed: 400 message:  Time response: 16 ms Request ID: [1270b5ab-3e3a-4923-805e-0ec88fefe3ec]

Started POST /api/v1/usuarios for :: ::ffff:127.0.0.1 at Wed Mar 27 2024 10:12:23 GMT-0300 (hora de verano de Chile)
  Parameters in body: {"user":{"email":"prueba@gmail.com","password":"12345","rol":"Full Stack Developer","lenguage":"Ruby"}}
Completed: 400 message:  Time response: 15 ms Request ID: [badce567-752e-45a8-bb50-3ee78553a92c]

Started POST /api/v1/usuarios for :: ::ffff:127.0.0.1 at Wed Mar 27 2024 10:13:55 GMT-0300 (hora de verano de Chile)
  Parameters in body: {"user":{"email":"prueba@gmail.com","password":"12345","rol":"Full Stack Developer","lenguage":"Ruby"}}
Completed: 400 message:  Time response: 22 ms Request ID: [89d6d75c-31b0-4847-a2e4-01732e37b5d5]

Started POST /api/v1/usuarios for :: ::ffff:127.0.0.1 at Wed Mar 27 2024 10:15:12 GMT-0300 (hora de verano de Chile)
  Parameters in body: {"user":{"email":"prueba@gmail.com","password":"12345","rol":"Full Stack Developer","lenguage":"Ruby"}}
Completed: 400 message:  Time response: 16 ms Request ID: [afd4b779-8e38-4275-a4dd-00a87f36abfb]

Started POST /api/v1/usuarios for :: ::ffff:127.0.0.1 at Wed Mar 27 2024 10:20:48 GMT-0300 (hora de verano de Chile)
  Parameters in body: {"user":{"email":"prueba@gmail.com","password":"12345","rol":"Full Stack Developer","lenguage":"Ruby"}}
Completed: 400 message:  Time response: 15 ms Request ID: [509d7121-05fa-4f3a-8966-3fb35e9ad20d]

Started POST /api/v1/usuarios for :: ::ffff:127.0.0.1 at Wed Mar 27 2024 10:22:07 GMT-0300 (hora de verano de Chile)
  Parameters in body: {"user":{"email":"prueba@gmail.com","password":"12345","rol":"Full Stack Developer","lenguage":"Ruby"}}
Completed: 400 message:  Time response: 17 ms Request ID: [93075aad-14a4-443f-9bf9-3d93874a9fa6]

Started POST /usuarios for :: ::ffff:127.0.0.1 at Wed Mar 27 2024 10:31:51 GMT-0300 (hora de verano de Chile)
  Parameters in body: {"user":{"email":"prueba@gmail.com","password":"12345","rol":"Full Stack Developer","lenguage":"Ruby"}}
Completed: 400 message:  Time response: 16 ms Request ID: [da705703-2dc2-42f1-8bce-5642e7e589a4]

Started POST /usuarios for :: ::ffff:127.0.0.1 at Wed Mar 27 2024 10:35:09 GMT-0300 (hora de verano de Chile)
  Parameters in body: {"user":{"email":"prueba@gmail.com","password":"12345","rol":"Full Stack Developer","lenguage":"Ruby"}}
Completed: 400 message:  Time response: 18 ms Request ID: [8ed3465c-d5d2-4a3f-95d9-f2cea75e960d]

Started POST /usuarios for :: ::ffff:127.0.0.1 at Wed Mar 27 2024 10:38:37 GMT-0300 (hora de verano de Chile)
  Parameters in body: {"user":{"email":"prueba@gmail.com","password":"12345","rol":"Full Stack Developer","lenguage":"Ruby"}}
Completed: 400 message:  Time response: 14 ms Request ID: [f8d2be0e-f5c3-4260-8939-4581fa9ce65c]

Started POST /usuarios for :: ::ffff:127.0.0.1 at Wed Mar 27 2024 11:02:07 GMT-0300 (hora de verano de Chile)
  Parameters in body: {"user":{"email":"prueba@gmail.com","password":"12345","rol":"Full Stack Developer","lenguage":"Ruby"}}
Completed: 400 message:  Time response: 19 ms Request ID: [bba3fd56-ad9e-40d9-99c8-708bed0945cc]

Started POST /usuarios for :: ::ffff:127.0.0.1 at Wed Mar 27 2024 11:02:13 GMT-0300 (hora de verano de Chile)
  Parameters in body: {"users":{"email":"prueba@gmail.com","password":"12345","rol":"Full Stack Developer","lenguage":"Ruby"}}
Completed: 500 message:  Time response: 10 ms Request ID: [b90d0b6a-4636-4f1e-857e-03e686ead367]

Started POST /usuarios for :: ::ffff:127.0.0.1 at Wed Mar 27 2024 11:02:23 GMT-0300 (hora de verano de Chile)
  Parameters in body: {"user":{"email":"prueba@gmail.com","password":"12345","rol":"Full Stack Developer","lenguage":"Ruby"}}
Completed: 400 message:  Time response: 7 ms Request ID: [7bb23f7d-415a-4097-a9f9-59e155a30005]

Started POST /usuarios for :: ::ffff:127.0.0.1 at Wed Mar 27 2024 11:02:51 GMT-0300 (hora de verano de Chile)
  Parameters in body: {"user":{"email":"prueba@gmail.com","password":"12345","rol":"Full Stack Developer","lenguage":"Ruby"}}
Completed: 400 message:  Time response: 15 ms Request ID: [b85638ac-0f80-403e-b602-369a5a87ae0c]

Started POST /usuarios for :: ::ffff:127.0.0.1 at Wed Mar 27 2024 11:12:18 GMT-0300 (hora de verano de Chile)
  Parameters in body: {"user":{"email":"prueba@gmail.com","password":"12345","rol":"Full Stack Developer","lenguage":"Ruby"}}
Completed: 400 message:  Time response: 17 ms Request ID: [6950f649-7092-498f-a380-5d408c73f9a9]

Started POST /usuarios for :: ::ffff:127.0.0.1 at Wed Mar 27 2024 11:31:06 GMT-0300 (hora de verano de Chile)
  Parameters in body: {"user":{"email":"prueba@gmail.com","password":"12345","rol":"Full Stack Developer","lenguage":"Ruby"}}
Completed: 400 message:  Time response: 33 ms Request ID: [677f63ef-6aad-4948-912a-9161ed98003c]

Started POST /usuarios for :: ::ffff:127.0.0.1 at Wed Mar 27 2024 11:56:06 GMT-0300 (hora de verano de Chile)
  Parameters in body: {"user":{"email":"prueba@gmail.com","password":"12345","rol":"Full Stack Developer","lenguage":"Ruby"}}
Completed: 400 message:  Time response: 14 ms Request ID: [18d387b0-7e6e-4480-86b7-8219724662f7]

Started POST /usuario for :: ::ffff:127.0.0.1 at Wed Mar 27 2024 12:08:34 GMT-0300 (hora de verano de Chile)
  Parameters in body: {"user":{"email":"prueba@gmail.com","password":"12345","rol":"Full Stack Developer","lenguage":"Ruby"}}
Completed: 404 message:  Time response: 15 ms Request ID: [15499041-20d5-436f-a418-ea36c179f978]

Started POST /usuarios for :: ::ffff:127.0.0.1 at Wed Mar 27 2024 12:08:39 GMT-0300 (hora de verano de Chile)
  Parameters in body: {"user":{"email":"prueba@gmail.com","password":"12345","rol":"Full Stack Developer","lenguage":"Ruby"}}
Completed: 400 message:  Time response: 11 ms Request ID: [e2dee3d0-9023-4d3b-b548-ef72deea00c0]

Started POST /usuarios for :: ::ffff:127.0.0.1 at Wed Mar 27 2024 12:15:39 GMT-0300 (hora de verano de Chile)
  Parameters in body: {"user":{"email":"prueba@gmail.com","password":"12345","rol":"Full Stack Developer","lenguage":"Ruby"}}
Completed: 201 message:  Time response: 547 ms Request ID: [621396ed-6495-4b02-8ae6-4a4ef2117976]

Started POST /usuarios for :: ::1 at Wed Mar 27 2024 12:22:01 GMT-0300 (hora de verano de Chile)
  Parameters in body: {"email":"docente@desafiolatam.com","password":"123456","rol":"Frontend Developer","lenguage":"Python"}
Completed: 500 message:  Time response: 10 ms Request ID: [0cbc858f-97b1-4b34-907c-b0329616e9fd]

Started POST /login for :: ::ffff:127.0.0.1 at Wed Mar 27 2024 12:42:12 GMT-0300 (hora de verano de Chile)
  Parameters in body: {"user":{"email":"prueba@gmail.com","password":"12345"}}
Completed: 500 message:  Time response: 197 ms Request ID: [5709aa2d-fb2a-4008-8610-5decc3ac8161]

Started POST /login for :: ::ffff:127.0.0.1 at Wed Mar 27 2024 12:57:19 GMT-0300 (hora de verano de Chile)
  Parameters in body: {"user":{"email":"prueba@gmail.com","password":"12345"}}
Started POST /login for :: ::ffff:127.0.0.1 at Wed Mar 27 2024 12:57:57 GMT-0300 (hora de verano de Chile)
  Parameters in body: {"user":{"email":"prueba@gmail.com","password":"12345"}}
Started POST /login for :: ::ffff:127.0.0.1 at Wed Mar 27 2024 13:00:09 GMT-0300 (hora de verano de Chile)
  Parameters in body: {"user":{"email":"prueba@gmail.com","password":"12345"}}
Completed: 500 message:  Time response: 210 ms Request ID: [948656d9-6003-46af-9f98-b80a174693c6]

Started POST /login for :: ::ffff:127.0.0.1 at Wed Mar 27 2024 13:02:32 GMT-0300 (hora de verano de Chile)
  Parameters in body: {"user":{"email":"prueba@gmail.com","password":"12345"}}
Completed: 500 message:  Time response: 208 ms Request ID: [a134e4f4-788d-4d2e-b80b-b5f9dd10a31a]

Started POST /login for :: ::ffff:127.0.0.1 at Wed Mar 27 2024 13:05:04 GMT-0300 (hora de verano de Chile)
  Parameters in body: {"user":{"email":"prueba@gmail.com","password":"12345"}}
Completed: 500 message:  Time response: 208 ms Request ID: [2c0a86bc-110f-48a0-aca9-8eb6932800b5]

Started POST /login for :: ::ffff:127.0.0.1 at Wed Mar 27 2024 13:12:19 GMT-0300 (hora de verano de Chile)
  Parameters in body: {"user":{"email":"prueba@gmail.com","password":"12345"}}
Completed: 500 message:  Time response: 197 ms Request ID: [9b60bc96-b642-400c-b4b4-36a7c5f6511d]

Started POST /login for :: ::ffff:127.0.0.1 at Wed Mar 27 2024 13:14:57 GMT-0300 (hora de verano de Chile)
  Parameters in body: {"user":{"email":"prueba@gmail.com","password":"12345"}}
Completed: 500 message:  Time response: 198 ms Request ID: [6646bc6b-7bb3-4585-8796-838b18d58af9]

Started POST /login for :: ::ffff:127.0.0.1 at Wed Mar 27 2024 13:15:29 GMT-0300 (hora de verano de Chile)
  Parameters in body: {"user":{"email":"prueba@gmail.com","password":"12345"}}
Started POST /login for :: ::ffff:127.0.0.1 at Wed Mar 27 2024 13:18:05 GMT-0300 (hora de verano de Chile)
  Parameters in body: {"user":{"email":"prueba@gmail.com","password":"12345"}}
Completed: 500 message:  Time response: 204 ms Request ID: [8f092896-4c62-4834-9bbe-74d896739c5c]

Started POST /login for :: ::ffff:127.0.0.1 at Wed Mar 27 2024 14:17:52 GMT-0300 (hora de verano de Chile)
  Parameters in body: {"user":{"email":"prueba@gmail.com","password":"12345"}}
Completed: 200 message:  Time response: 200 ms Request ID: [520a302a-2364-498a-8826-bfba28db490f]

Started POST /usuarios for :: ::ffff:127.0.0.1 at Wed Mar 27 2024 18:14:37 GMT-0300 (hora de verano de Chile)
  Parameters in body: {"user":{"email":"token@gmail.com","password":"12345","rol":"Full Stack Developer","lenguage":"Ruby"}}
Completed: 201 message:  Time response: 409 ms Request ID: [d0130226-724a-4323-99e4-00e88817f44d]

Started POST /login for :: ::ffff:127.0.0.1 at Wed Mar 27 2024 18:15:45 GMT-0300 (hora de verano de Chile)
  Parameters in body: {"user":{"email":"token@gmail.com","password":"12345"}}
Completed: 200 message:  Time response: 289 ms Request ID: [3fdadd58-8956-4bbd-b78f-5ca4926e7648]

Started GET /usuarios for :: ::ffff:127.0.0.1 at Wed Mar 27 2024 18:17:01 GMT-0300 (hora de verano de Chile)
  Parameters in body: {"user":{"email":"token@gmail.com","password":"12345"}}
Completed: 204 message:  Time response: 150 ms Request ID: [55ed2121-af9d-4af4-b254-83f145bc114a]

Started GET /usuarios for :: ::ffff:127.0.0.1 at Wed Mar 27 2024 18:18:46 GMT-0300 (hora de verano de Chile)
  Parameters in body: {"user":{"email":"token@gmail.com","password":"12345"}}
Completed: 200 message:  Time response: 182 ms Request ID: [dc7a133c-dd75-4321-8d4c-52eb19bdbcbb]

Started GET /usuarios for :: ::ffff:127.0.0.1 at Wed Mar 27 2024 18:25:43 GMT-0300 (hora de verano de Chile)
  Parameters in body: {"user":{"email":"token@gmail.com","password":"12345"}}
Completed: 200 message:  Time response: 175 ms Request ID: [3db88428-cece-4762-bfbd-b62efa26f92c]

Started GET / for :: ::1 at Wed Mar 27 2024 18:37:25 GMT-0300 (hora de verano de Chile)
  Parameters in body: {}
Completed: 404 message:  Time response: 9 ms Request ID: [dd3ad341-6196-41b0-8e4a-dc7994a37784]

Started GET /registrarse for :: ::1 at Wed Mar 27 2024 18:37:25 GMT-0300 (hora de verano de Chile)
  Parameters in body: {}
Completed: 404 message:  Time response: 6 ms Request ID: [1c2bfc70-63ee-4ecf-b345-6fbbcfa225e6]

Started GET /registrarse for :: ::1 at Wed Mar 27 2024 18:37:45 GMT-0300 (hora de verano de Chile)
  Parameters in body: {}
Completed: 404 message:  Time response: 5 ms Request ID: [c04e1d74-5ec4-435a-b02a-f570630cf0f1]

Started GET / for :: ::1 at Wed Mar 27 2024 19:06:26 GMT-0300 (hora de verano de Chile)
  Parameters in body: {}
Completed: 404 message:  Time response: 18 ms Request ID: [04d29116-8abf-43fb-8017-44aaa32a011a]

Started GET /usuarios for :: ::1 at Wed Mar 27 2024 19:06:26 GMT-0300 (hora de verano de Chile)
  Parameters in body: {}
Completed: 401 message:  Time response: 10 ms Request ID: [4241f239-ba2e-403d-adc3-74453eb1af89]

Started GET /favicon.ico for :: ::1 at Wed Mar 27 2024 19:06:27 GMT-0300 (hora de verano de Chile)
  Parameters in body: {}
Completed: 404 message:  Time response: 5 ms Request ID: [137366a5-5cdf-41b2-b071-a27f42a1f990]

Started GET / for :: ::1 at Wed Mar 27 2024 19:06:40 GMT-0300 (hora de verano de Chile)
  Parameters in body: {}
Completed: 404 message:  Time response: 4 ms Request ID: [7bd707c3-1ea0-47fe-b834-f5c3fec429f4]

Started GET /usuarios for :: ::ffff:127.0.0.1 at Wed Mar 27 2024 19:08:14 GMT-0300 (hora de verano de Chile)
  Parameters in body: {"user":{"email":"token@gmail.com","password":"12345"}}
Completed: 200 message:  Time response: 165 ms Request ID: [f0d00553-9aa2-44ac-b2cd-906e51c3a3df]

Started POST /usuarios for :: ::ffff:127.0.0.1 at Wed Mar 27 2024 19:44:35 GMT-0300 (hora de verano de Chile)
  Parameters in body: {"user":{"email":"gabriela@gmail.com","password":"12345","rol":"Full Stack Developer","lenguage":"Ruby"}}
Completed: 201 message:  Time response: 393 ms Request ID: [60dc5566-1b0a-499a-bbd6-0525fd206571]

Started POST /usuarios for :: ::ffff:127.0.0.1 at Wed Mar 27 2024 19:45:24 GMT-0300 (hora de verano de Chile)
  Parameters in body: {"user":{"email":"gabriela@gmail.com","password":"12345","rol":"Full Stack Developer","lenguage":"Ruby"}}
Completed: 201 message:  Time response: 398 ms Request ID: [613ece8b-0227-4a79-a1d0-280fec5f49ec]

Started POST /usuarios for :: ::1 at Wed Mar 27 2024 20:04:11 GMT-0300 (hora de verano de Chile)
  Parameters in body: {"email":"docente@desafiolatam.com","password":"123456","rol":"Full Stack Developer","lenguage":"JavaScript"}
Completed: 500 message:  Time response: 15 ms Request ID: [f988cdfa-ce45-4544-a9bd-5be492a14d52]

Started POST /usuarios for :: ::1 at Wed Mar 27 2024 20:04:27 GMT-0300 (hora de verano de Chile)
  Parameters in body: {"email":"docente@desafiolatam.com","password":"123456","rol":"Full Stack Developer","lenguage":"JavaScript"}
Completed: 500 message:  Time response: 6 ms Request ID: [bef7f1a3-1772-4cfe-bcfb-b02e2385b8f5]

Started POST /usuarios for :: ::ffff:127.0.0.1 at Wed Mar 27 2024 20:05:23 GMT-0300 (hora de verano de Chile)
  Parameters in body: {"user":{"email":"jose@gmail.com","password":"12345","rol":"Full Stack Developer","lenguage":"Ruby"}}
Completed: 201 message:  Time response: 366 ms Request ID: [96d68d74-9a71-427a-80fb-c432f0c3c68e]

Started POST /usuarios for :: ::1 at Wed Mar 27 2024 20:05:47 GMT-0300 (hora de verano de Chile)
  Parameters in body: {"email":"docente@desafiolatam.com","password":"123456","rol":"Full Stack Developer","lenguage":"JavaScript"}
Completed: 500 message:  Time response: 5 ms Request ID: [c85b27e4-e460-41af-8839-d411e6782bd2]

Started POST /usuarios for :: ::1 at Wed Mar 27 2024 20:06:37 GMT-0300 (hora de verano de Chile)
  Parameters in body: {"email":"docente@desafiolatam.com","password":"123456","rol":"Full Stack Developer","lenguage":"JavaScript"}
Completed: 500 message:  Time response: 14 ms Request ID: [d9d3b4f0-d7f8-4040-9052-8137071093dc]

Started POST /usuarios for :: ::1 at Wed Mar 27 2024 20:06:55 GMT-0300 (hora de verano de Chile)
  Parameters in body: {"email":"docente@desafiolatam.com","password":"123456","rol":"Full Stack Developer","lenguage":"JavaScript"}
Completed: 500 message:  Time response: 9 ms Request ID: [02d0712b-a896-4be8-9a5d-a001d487e6e6]

Started POST /usuarios for :: ::1 at Wed Mar 27 2024 20:07:53 GMT-0300 (hora de verano de Chile)
  Parameters in body: {"email":"docente@desafiolatam.com","password":"123456","rol":"Full Stack Developer","lenguage":"JavaScript"}
Completed: 500 message:  Time response: 6 ms Request ID: [c057063e-9495-4572-b53e-4cc68d59dc5e]
